c:\users\ikr-creations\source\repos\assignment 01 - 2d ateroid\assignment 01 - 2d ateroid\x64\release\vc143.pdb
c:\users\ikr-creations\source\repos\assignment 01 - 2d ateroid\assignment 01 - 2d ateroid\x64\release\setup.obj
c:\users\ikr-creations\source\repos\assignment 01 - 2d ateroid\assignment 01 - 2d ateroid\x64\release\scoreboard.obj
c:\users\ikr-creations\source\repos\assignment 01 - 2d ateroid\assignment 01 - 2d ateroid\x64\release\save.obj
c:\users\ikr-creations\source\repos\assignment 01 - 2d ateroid\assignment 01 - 2d ateroid\x64\release\player.obj
c:\users\ikr-creations\source\repos\assignment 01 - 2d ateroid\assignment 01 - 2d ateroid\x64\release\mainmenu.obj
c:\users\ikr-creations\source\repos\assignment 01 - 2d ateroid\assignment 01 - 2d ateroid\x64\release\maingame.obj
c:\users\ikr-creations\source\repos\assignment 01 - 2d ateroid\assignment 01 - 2d ateroid\x64\release\gamebase.obj
c:\users\ikr-creations\source\repos\assignment 01 - 2d ateroid\assignment 01 - 2d ateroid\x64\release\game.obj
c:\users\ikr-creations\source\repos\assignment 01 - 2d ateroid\assignment 01 - 2d ateroid\x64\release\endgamescreen.obj
c:\users\ikr-creations\source\repos\assignment 01 - 2d ateroid\assignment 01 - 2d ateroid\x64\release\bullet.obj
c:\users\ikr-creations\source\repos\assignment 01 - 2d ateroid\assignment 01 - 2d ateroid\x64\release\asteroid.obj
c:\users\ikr-creations\source\repos\assignment 01 - 2d ateroid\assignment 01 - 2d ateroid\x64\release\animation.obj
c:\users\ikr-creations\source\repos\assignment 01 - 2d ateroid\x64\release\assignment 01 - 2d asteroid.exe
c:\users\ikr-creations\source\repos\assignment 01 - 2d ateroid\assignment 01 - 2d ateroid\x64\release\assignment 01 - 2d asteroid.ipdb
c:\users\ikr-creations\source\repos\assignment 01 - 2d ateroid\x64\release\assignment 01 - 2d asteroid.pdb
c:\users\ikr-creations\source\repos\assignment 01 - 2d ateroid\assignment 01 - 2d ateroid\x64\release\assignment 01 - 2d asteroid.iobj
c:\users\ikr-creations\source\repos\assignment 01 - 2d ateroid\assignment 01 - 2d ateroid\x64\release\assignme.510dff0d.tlog\cl.command.1.tlog
c:\users\ikr-creations\source\repos\assignment 01 - 2d ateroid\assignment 01 - 2d ateroid\x64\release\assignme.510dff0d.tlog\cl.read.1.tlog
c:\users\ikr-creations\source\repos\assignment 01 - 2d ateroid\assignment 01 - 2d ateroid\x64\release\assignme.510dff0d.tlog\cl.write.1.tlog
c:\users\ikr-creations\source\repos\assignment 01 - 2d ateroid\assignment 01 - 2d ateroid\x64\release\assignme.510dff0d.tlog\link.command.1.tlog
c:\users\ikr-creations\source\repos\assignment 01 - 2d ateroid\assignment 01 - 2d ateroid\x64\release\assignme.510dff0d.tlog\link.read.1.tlog
c:\users\ikr-creations\source\repos\assignment 01 - 2d ateroid\assignment 01 - 2d ateroid\x64\release\assignme.510dff0d.tlog\link.write.1.tlog
