  Animation.cpp
C:\Users\IKR-Creations\source\repos\Assignment 01 - 2D Ateroid\Assignment 01 - 2D Ateroid\Animation.h(2,10): fatal  error C1083: Cannot open include file: 'SFML/Graphics.hpp': No such file or directory
  Asteroid.cpp
C:\Users\IKR-Creations\source\repos\Assignment 01 - 2D Ateroid\Assignment 01 - 2D Ateroid\GameBase.h(2,10): fatal  error C1083: Cannot open include file: 'SFML/Graphics.hpp': No such file or directory
  Bullet.cpp
C:\Users\IKR-Creations\source\repos\Assignment 01 - 2D Ateroid\Assignment 01 - 2D Ateroid\GameBase.h(2,10): fatal  error C1083: Cannot open include file: 'SFML/Graphics.hpp': No such file or directory
  EndGameScreen.cpp
C:\Users\IKR-Creations\source\repos\Assignment 01 - 2D Ateroid\Assignment 01 - 2D Ateroid\EndGameScreen.h(2,10): fatal  error C1083: Cannot open include file: 'SFML/Graphics.hpp': No such file or directory
  Game.cpp
C:\Users\IKR-Creations\source\repos\Assignment 01 - 2D Ateroid\Assignment 01 - 2D Ateroid\Game.cpp(1,10): fatal  error C1083: Cannot open include file: 'SFML/Graphics.hpp': No such file or directory
  GameBase.cpp
C:\Users\IKR-Creations\source\repos\Assignment 01 - 2D Ateroid\Assignment 01 - 2D Ateroid\GameBase.h(2,10): fatal  error C1083: Cannot open include file: 'SFML/Graphics.hpp': No such file or directory
  MainGame.cpp
C:\Users\IKR-Creations\source\repos\Assignment 01 - 2D Ateroid\Assignment 01 - 2D Ateroid\MainGame.h(2,10): fatal  error C1083: Cannot open include file: 'SFML/Graphics.hpp': No such file or directory
  MainMenu.cpp
C:\Users\IKR-Creations\source\repos\Assignment 01 - 2D Ateroid\Assignment 01 - 2D Ateroid\MainMenu.h(2,10): fatal  error C1083: Cannot open include file: 'SFML/Graphics.hpp': No such file or directory
  Player.cpp
C:\Users\IKR-Creations\source\repos\Assignment 01 - 2D Ateroid\Assignment 01 - 2D Ateroid\GameBase.h(2,10): fatal  error C1083: Cannot open include file: 'SFML/Graphics.hpp': No such file or directory
  Save.cpp
  ScoreBoard.cpp
C:\Users\IKR-Creations\source\repos\Assignment 01 - 2D Ateroid\Assignment 01 - 2D Ateroid\ScoreBoard.h(2,10): fatal  error C1083: Cannot open include file: 'SFML/Graphics.hpp': No such file or directory
  Setup.cpp
  Generating Code...
